Построение начато 14.07.2014 3:21:48.
     1>Проект "D:\Developer\Ponies\CocosDenshion\proj.win32\CocosDenshion.vcxproj" в узле 2 (целевые объекты build).
     1>InitializeBuildStatus:
         Обращение к "Debug.win32\libCocosDenshion.unsuccessfulbuild".
       ClCompile:
         Для всех выходных данных обновления не требуется.
       Link:
         C:\Program Files\Microsoft Visual Studio 10.0\VC\bin\link.exe /ERRORREPORT:PROMPT /OUT:"D:\Developer\Ponies\Project\proj.win32\Debug.win32\libCocosDenshion.dll" /INCREMENTAL:NO /NOLOGO /LIBPATH:D:\Developer\Ponies\Project\proj.win32\Debug.win32\ winmm.lib libcocos2d.lib kernel32.lib user32.lib gdi32.lib winspool.lib comdlg32.lib advapi32.lib shell32.lib ole32.lib oleaut32.lib uuid.lib odbc32.lib odbccp32.lib /MANIFEST /ManifestFile:"Debug.win32\libCocosDenshion.dll.intermediate.manifest" /MANIFESTUAC:"level='asInvoker' uiAccess='false'" /DEBUG /PDB:"D:\Developer\Ponies\Project\proj.win32\Debug.win32\libCocosDenshion.pdb" /SUBSYSTEM:WINDOWS /TLBID:1 /DYNAMICBASE /NXCOMPAT /IMPLIB:"D:\Developer\Ponies\Project\proj.win32\Debug.win32\libCocosDenshion.lib" /MACHINE:X86 /DLL Debug.win32\MciPlayer.obj
         Debug.win32\SimpleAudioEngine.obj
     1>MciPlayer.obj : warning LNK4075: не учитывается "/EDITANDCONTINUE" из-за спецификации "/INCREMENTAL:NO"
            Создается библиотека D:\Developer\Ponies\Project\proj.win32\Debug.win32\libCocosDenshion.lib и объект D:\Developer\Ponies\Project\proj.win32\Debug.win32\libCocosDenshion.exp
         CocosDenshion.vcxproj -> D:\Developer\Ponies\Project\proj.win32\Debug.win32\libCocosDenshion.dll
       Manifest:
         C:\Program Files\Microsoft SDKs\Windows\v7.0A\bin\mt.exe /nologo /verbose /outputresource:"D:\Developer\Ponies\Project\proj.win32\Debug.win32\libCocosDenshion.dll;#2" /manifest Debug.win32\libCocosDenshion.dll.intermediate.manifest
       FinalizeBuildStatus:
         Файл "Debug.win32\libCocosDenshion.unsuccessfulbuild" удаляется.
         Обращение к "Debug.win32\libCocosDenshion.lastbuildstate".
     1>Построение проекта "D:\Developer\Ponies\CocosDenshion\proj.win32\CocosDenshion.vcxproj" завершено (целевые объекты build).

Построение успешно завершено.

Затраченное время: 00:00:16.75
