Построение начато 14.07.2014 3:56:44.
     1>Проект "D:\Developer\Ponies\cocos2dx\proj.win32\cocos2d.vcxproj" в узле 3 (целевые объекты build).
     1>InitializeBuildStatus:
         Создание "Release.win32\libcocos2d.unsuccessfulbuild", так как было задано "AlwaysCreate".
       ClCompile:
         Для всех выходных данных обновления не требуется.
         Для всех выходных данных обновления не требуется.
       PreLinkEvent:
         if not exist "D:\Developer\Ponies\Project\proj.win32\Release.win32\" mkdir "D:\Developer\Ponies\Project\proj.win32\Release.win32\"
         xcopy /Y /Q "D:\Developer\Ponies\cocos2dx\proj.win32\..\platform\third_party\win32\libraries\*.*" "D:\Developer\Ponies\Project\proj.win32\Release.win32\"
         
         :VCEnd
         15 File(s) copied
       Link:
         Для всех выходных данных обновления не требуется.
         cocos2d.vcxproj -> D:\Developer\Ponies\Project\proj.win32\Release.win32\libcocos2d.dll
       FinalizeBuildStatus:
         Файл "Release.win32\libcocos2d.unsuccessfulbuild" удаляется.
         Обращение к "Release.win32\libcocos2d.lastbuildstate".
     1>Построение проекта "D:\Developer\Ponies\cocos2dx\proj.win32\cocos2d.vcxproj" завершено (целевые объекты build).

Построение успешно завершено.

Затраченное время: 00:00:01.46
